

CmdLine:	C:\Users\C. Levallois\Documents\NetBeansProjects\Overlyde\exe\overlyde.exe --l4j-debug
WOW64:		yes
Check launcher:	 (n/a)
64-bit search:	SOFTWARE\JavaSoft\Java Runtime Environment...
Match:		SOFTWARE\JavaSoft\Java Runtime Environment\1.6
Match:		SOFTWARE\JavaSoft\Java Runtime Environment\1.6.0_26
Match:		SOFTWARE\JavaSoft\Java Runtime Environment\1.7
Match:		SOFTWARE\JavaSoft\Java Runtime Environment\1.7.0_01
Using 64-bit runtime.
64-bit search:	SOFTWARE\JavaSoft\Java Development Kit...
Ignore:		SOFTWARE\JavaSoft\Java Development Kit\1.6
Ignore:		SOFTWARE\JavaSoft\Java Development Kit\1.6.0_26
Ignore:		SOFTWARE\JavaSoft\Java Development Kit\1.7
Ignore:		SOFTWARE\JavaSoft\Java Development Kit\1.7.0_01
Using 64-bit runtime.
Check launcher:	C:\Program Files\Java\jre7\bin\javaw.exe (OK)
Launcher:	C:\Program Files\Java\jre7\bin\javaw.exe
Launcher args:	-jar "C:\Users\C. Levallois\Documents\NetBeansProjects\Overlyde\exe\overlyde.exe"
Args length:	81/32768 chars
Exit code:	0


CmdLine:	C:\Users\C. Levallois\Documents\NetBeansProjects\Overlyde\exe\overlyde.exe --l4j-debug
WOW64:		yes
Check launcher:	 (n/a)
64-bit search:	SOFTWARE\JavaSoft\Java Runtime Environment...
Match:		SOFTWARE\JavaSoft\Java Runtime Environment\1.6
Match:		SOFTWARE\JavaSoft\Java Runtime Environment\1.6.0_26
Match:		SOFTWARE\JavaSoft\Java Runtime Environment\1.7
Match:		SOFTWARE\JavaSoft\Java Runtime Environment\1.7.0_01
Using 64-bit runtime.
64-bit search:	SOFTWARE\JavaSoft\Java Development Kit...
Ignore:		SOFTWARE\JavaSoft\Java Development Kit\1.6
Ignore:		SOFTWARE\JavaSoft\Java Development Kit\1.6.0_26
Ignore:		SOFTWARE\JavaSoft\Java Development Kit\1.7
Ignore:		SOFTWARE\JavaSoft\Java Development Kit\1.7.0_01
Using 64-bit runtime.
Check launcher:	C:\Program Files\Java\jre7\bin\javaw.exe (OK)
Launcher:	C:\Program Files\Java\jre7\bin\javaw.exe
Launcher args:	-jar "C:\Users\C. Levallois\Documents\NetBeansProjects\Overlyde\exe\overlyde.exe"
Args length:	81/32768 chars
Exit code:	0


CmdLine:	C:\Users\C. Levallois\Documents\NetBeansProjects\Overlyde\exe\overlyde.exe --l4j-debug
WOW64:		yes
Check launcher:	 (n/a)
64-bit search:	SOFTWARE\JavaSoft\Java Runtime Environment...
Match:		SOFTWARE\JavaSoft\Java Runtime Environment\1.6
Match:		SOFTWARE\JavaSoft\Java Runtime Environment\1.6.0_26
Match:		SOFTWARE\JavaSoft\Java Runtime Environment\1.7
Match:		SOFTWARE\JavaSoft\Java Runtime Environment\1.7.0_01
Using 64-bit runtime.
64-bit search:	SOFTWARE\JavaSoft\Java Development Kit...
Ignore:		SOFTWARE\JavaSoft\Java Development Kit\1.6
Ignore:		SOFTWARE\JavaSoft\Java Development Kit\1.6.0_26
Ignore:		SOFTWARE\JavaSoft\Java Development Kit\1.7
Ignore:		SOFTWARE\JavaSoft\Java Development Kit\1.7.0_01
Using 64-bit runtime.
Check launcher:	C:\Program Files\Java\jre7\bin\javaw.exe (OK)
Launcher:	C:\Program Files\Java\jre7\bin\javaw.exe
Launcher args:	-jar "C:\Users\C. Levallois\Documents\NetBeansProjects\Overlyde\exe\overlyde.exe"
Args length:	81/32768 chars
Exit code:	0


CmdLine:	C:\Users\C. Levallois\Documents\NetBeansProjects\Overlyde\exe\overlyde.exe --l4j-debug
WOW64:		yes
Check launcher:	 (n/a)
64-bit search:	SOFTWARE\JavaSoft\Java Runtime Environment...
Match:		SOFTWARE\JavaSoft\Java Runtime Environment\1.6
Match:		SOFTWARE\JavaSoft\Java Runtime Environment\1.6.0_26
Match:		SOFTWARE\JavaSoft\Java Runtime Environment\1.7
Match:		SOFTWARE\JavaSoft\Java Runtime Environment\1.7.0_01
Using 64-bit runtime.
64-bit search:	SOFTWARE\JavaSoft\Java Development Kit...
Ignore:		SOFTWARE\JavaSoft\Java Development Kit\1.6
Ignore:		SOFTWARE\JavaSoft\Java Development Kit\1.6.0_26
Ignore:		SOFTWARE\JavaSoft\Java Development Kit\1.7
Ignore:		SOFTWARE\JavaSoft\Java Development Kit\1.7.0_01
Using 64-bit runtime.
Check launcher:	C:\Program Files\Java\jre7\bin\javaw.exe (OK)
Launcher:	C:\Program Files\Java\jre7\bin\javaw.exe
Launcher args:	-jar "C:\Users\C. Levallois\Documents\NetBeansProjects\Overlyde\exe\overlyde.exe"
Args length:	81/32768 chars
Exit code:	0


CmdLine:	C:\Users\C. Levallois\Documents\NetBeansProjects\Overlyde\exe\overlyde.exe --l4j-debug
WOW64:		yes
Check launcher:	 (n/a)
64-bit search:	SOFTWARE\JavaSoft\Java Runtime Environment...
Match:		SOFTWARE\JavaSoft\Java Runtime Environment\1.6
Match:		SOFTWARE\JavaSoft\Java Runtime Environment\1.6.0_26
Match:		SOFTWARE\JavaSoft\Java Runtime Environment\1.7
Match:		SOFTWARE\JavaSoft\Java Runtime Environment\1.7.0_01
Using 64-bit runtime.
64-bit search:	SOFTWARE\JavaSoft\Java Development Kit...
Ignore:		SOFTWARE\JavaSoft\Java Development Kit\1.6
Ignore:		SOFTWARE\JavaSoft\Java Development Kit\1.6.0_26
Ignore:		SOFTWARE\JavaSoft\Java Development Kit\1.7
Ignore:		SOFTWARE\JavaSoft\Java Development Kit\1.7.0_01
Using 64-bit runtime.
Check launcher:	C:\Program Files\Java\jre7\bin\javaw.exe (OK)
Launcher:	C:\Program Files\Java\jre7\bin\javaw.exe
Launcher args:	-jar "C:\Users\C. Levallois\Documents\NetBeansProjects\Overlyde\exe\overlyde.exe"
Args length:	81/32768 chars
Exit code:	0


CmdLine:	C:\Users\C. Levallois\Documents\NetBeansProjects\Overlyde\exe\overlyde.exe --l4j-debug
WOW64:		yes
Check launcher:	 (n/a)
64-bit search:	SOFTWARE\JavaSoft\Java Runtime Environment...
Match:		SOFTWARE\JavaSoft\Java Runtime Environment\1.6
Match:		SOFTWARE\JavaSoft\Java Runtime Environment\1.6.0_26
Match:		SOFTWARE\JavaSoft\Java Runtime Environment\1.7
Match:		SOFTWARE\JavaSoft\Java Runtime Environment\1.7.0_01
Using 64-bit runtime.
64-bit search:	SOFTWARE\JavaSoft\Java Development Kit...
Ignore:		SOFTWARE\JavaSoft\Java Development Kit\1.6
Ignore:		SOFTWARE\JavaSoft\Java Development Kit\1.6.0_26
Ignore:		SOFTWARE\JavaSoft\Java Development Kit\1.7
Ignore:		SOFTWARE\JavaSoft\Java Development Kit\1.7.0_01
Using 64-bit runtime.
Check launcher:	C:\Program Files\Java\jre7\bin\javaw.exe (OK)
Launcher:	C:\Program Files\Java\jre7\bin\javaw.exe
Launcher args:	-jar "C:\Users\C. Levallois\Documents\NetBeansProjects\Overlyde\exe\overlyde.exe"
Args length:	81/32768 chars
Exit code:	0


CmdLine:	C:\Users\C. Levallois\Documents\NetBeansProjects\Overlyde\exe\overlyde.exe --l4j-debug
WOW64:		yes
Check launcher:	 (n/a)
64-bit search:	SOFTWARE\JavaSoft\Java Runtime Environment...
Match:		SOFTWARE\JavaSoft\Java Runtime Environment\1.6
Match:		SOFTWARE\JavaSoft\Java Runtime Environment\1.6.0_26
Match:		SOFTWARE\JavaSoft\Java Runtime Environment\1.7
Match:		SOFTWARE\JavaSoft\Java Runtime Environment\1.7.0_01
Using 64-bit runtime.
64-bit search:	SOFTWARE\JavaSoft\Java Development Kit...
Ignore:		SOFTWARE\JavaSoft\Java Development Kit\1.6
Ignore:		SOFTWARE\JavaSoft\Java Development Kit\1.6.0_26
Ignore:		SOFTWARE\JavaSoft\Java Development Kit\1.7
Ignore:		SOFTWARE\JavaSoft\Java Development Kit\1.7.0_01
Using 64-bit runtime.
Check launcher:	C:\Program Files\Java\jre7\bin\javaw.exe (OK)
Launcher:	C:\Program Files\Java\jre7\bin\javaw.exe
Launcher args:	-jar "C:\Users\C. Levallois\Documents\NetBeansProjects\Overlyde\exe\overlyde.exe"
Args length:	81/32768 chars
Exit code:	0


CmdLine:	C:\Users\C. Levallois\Documents\NetBeansProjects\Overlyde\exe\overlyde.exe --l4j-debug
WOW64:		yes
Check launcher:	 (n/a)
64-bit search:	SOFTWARE\JavaSoft\Java Runtime Environment...
Match:		SOFTWARE\JavaSoft\Java Runtime Environment\1.6
Match:		SOFTWARE\JavaSoft\Java Runtime Environment\1.6.0_26
Match:		SOFTWARE\JavaSoft\Java Runtime Environment\1.7
Match:		SOFTWARE\JavaSoft\Java Runtime Environment\1.7.0_01
Using 64-bit runtime.
64-bit search:	SOFTWARE\JavaSoft\Java Development Kit...
Ignore:		SOFTWARE\JavaSoft\Java Development Kit\1.6
Ignore:		SOFTWARE\JavaSoft\Java Development Kit\1.6.0_26
Ignore:		SOFTWARE\JavaSoft\Java Development Kit\1.7
Ignore:		SOFTWARE\JavaSoft\Java Development Kit\1.7.0_01
Using 64-bit runtime.
Check launcher:	C:\Program Files\Java\jre7\bin\javaw.exe (OK)
Add classpath:	\textprocessing\
Launcher:	C:\Program Files\Java\jre7\bin\javaw.exe
Launcher args:	-classpath "C:\Users\C. Levallois\Documents\NetBeansProjects\Overlyde\exe\overlyde.exe;\textprocessing\" Screen1
Args length:	112/32768 chars
Exit code:	0


CmdLine:	C:\Users\C. Levallois\Documents\NetBeansProjects\Overlyde\exe\overlyde.exe --l4j-debug
WOW64:		yes
Check launcher:	 (n/a)
64-bit search:	SOFTWARE\JavaSoft\Java Runtime Environment...
Match:		SOFTWARE\JavaSoft\Java Runtime Environment\1.6
Match:		SOFTWARE\JavaSoft\Java Runtime Environment\1.6.0_26
Match:		SOFTWARE\JavaSoft\Java Runtime Environment\1.7
Match:		SOFTWARE\JavaSoft\Java Runtime Environment\1.7.0_01
Using 64-bit runtime.
64-bit search:	SOFTWARE\JavaSoft\Java Development Kit...
Ignore:		SOFTWARE\JavaSoft\Java Development Kit\1.6
Ignore:		SOFTWARE\JavaSoft\Java Development Kit\1.6.0_26
Ignore:		SOFTWARE\JavaSoft\Java Development Kit\1.7
Ignore:		SOFTWARE\JavaSoft\Java Development Kit\1.7.0_01
Using 64-bit runtime.
Check launcher:	C:\Program Files\Java\jre7\bin\javaw.exe (OK)
Add classpath:	\textprocessing\
Launcher:	C:\Program Files\Java\jre7\bin\javaw.exe
Launcher args:	-classpath "C:\Users\C. Levallois\Documents\NetBeansProjects\Overlyde\exe\overlyde.exe;\textprocessing\" Screen1
Args length:	112/32768 chars
Exit code:	0


CmdLine:	C:\Users\C. Levallois\Documents\NetBeansProjects\Overlyde\exe\overlyde.exe --l4j-debug
WOW64:		yes
Check launcher:	 (n/a)
64-bit search:	SOFTWARE\JavaSoft\Java Runtime Environment...
Match:		SOFTWARE\JavaSoft\Java Runtime Environment\1.6
Match:		SOFTWARE\JavaSoft\Java Runtime Environment\1.6.0_26
Match:		SOFTWARE\JavaSoft\Java Runtime Environment\1.7
Match:		SOFTWARE\JavaSoft\Java Runtime Environment\1.7.0_01
Using 64-bit runtime.
64-bit search:	SOFTWARE\JavaSoft\Java Development Kit...
Ignore:		SOFTWARE\JavaSoft\Java Development Kit\1.6
Ignore:		SOFTWARE\JavaSoft\Java Development Kit\1.6.0_26
Ignore:		SOFTWARE\JavaSoft\Java Development Kit\1.7
Ignore:		SOFTWARE\JavaSoft\Java Development Kit\1.7.0_01
Using 64-bit runtime.
Check launcher:	C:\Program Files\Java\jre7\bin\javaw.exe (OK)
Add classpath:	\textprocessing\
Launcher:	C:\Program Files\Java\jre7\bin\javaw.exe
Launcher args:	-classpath "C:\Users\C. Levallois\Documents\NetBeansProjects\Overlyde\exe\overlyde.exe;\textprocessing\" Screen1.java
Args length:	117/32768 chars
Exit code:	0


CmdLine:	C:\Users\C. Levallois\Documents\NetBeansProjects\Overlyde\exe\overlyde.exe --l4j-debug
WOW64:		yes
Check launcher:	 (n/a)
64-bit search:	SOFTWARE\JavaSoft\Java Runtime Environment...
Match:		SOFTWARE\JavaSoft\Java Runtime Environment\1.6
Match:		SOFTWARE\JavaSoft\Java Runtime Environment\1.6.0_26
Match:		SOFTWARE\JavaSoft\Java Runtime Environment\1.7
Match:		SOFTWARE\JavaSoft\Java Runtime Environment\1.7.0_01
Using 64-bit runtime.
64-bit search:	SOFTWARE\JavaSoft\Java Development Kit...
Ignore:		SOFTWARE\JavaSoft\Java Development Kit\1.6
Ignore:		SOFTWARE\JavaSoft\Java Development Kit\1.6.0_26
Ignore:		SOFTWARE\JavaSoft\Java Development Kit\1.7
Ignore:		SOFTWARE\JavaSoft\Java Development Kit\1.7.0_01
Using 64-bit runtime.
Check launcher:	C:\Program Files\Java\jre7\bin\javaw.exe (OK)
Add classpath:	textprocessing\
Launcher:	C:\Program Files\Java\jre7\bin\javaw.exe
Launcher args:	-classpath "C:\Users\C. Levallois\Documents\NetBeansProjects\Overlyde\exe\overlyde.exe;textprocessing\" Screen1.java
Args length:	116/32768 chars
Exit code:	0


CmdLine:	C:\Users\C. Levallois\Documents\NetBeansProjects\Overlyde\exe\overlyde.exe --l4j-debug
WOW64:		yes
Check launcher:	 (n/a)
64-bit search:	SOFTWARE\JavaSoft\Java Runtime Environment...
Match:		SOFTWARE\JavaSoft\Java Runtime Environment\1.6
Match:		SOFTWARE\JavaSoft\Java Runtime Environment\1.6.0_26
Match:		SOFTWARE\JavaSoft\Java Runtime Environment\1.7
Match:		SOFTWARE\JavaSoft\Java Runtime Environment\1.7.0_01
Using 64-bit runtime.
64-bit search:	SOFTWARE\JavaSoft\Java Development Kit...
Ignore:		SOFTWARE\JavaSoft\Java Development Kit\1.6
Ignore:		SOFTWARE\JavaSoft\Java Development Kit\1.6.0_26
Ignore:		SOFTWARE\JavaSoft\Java Development Kit\1.7
Ignore:		SOFTWARE\JavaSoft\Java Development Kit\1.7.0_01
Using 64-bit runtime.
Check launcher:	C:\Program Files\Java\jre7\bin\javaw.exe (OK)


CmdLine:	C:\Users\C. Levallois\Documents\NetBeansProjects\Overlyde\exe\overlyde.exe --l4j-debug
WOW64:		yes
Check launcher:	 (n/a)
64-bit search:	SOFTWARE\JavaSoft\Java Runtime Environment...
Match:		SOFTWARE\JavaSoft\Java Runtime Environment\1.6
Match:		SOFTWARE\JavaSoft\Java Runtime Environment\1.6.0_26
Match:		SOFTWARE\JavaSoft\Java Runtime Environment\1.7
Match:		SOFTWARE\JavaSoft\Java Runtime Environment\1.7.0_01
Using 64-bit runtime.
64-bit search:	SOFTWARE\JavaSoft\Java Development Kit...
Ignore:		SOFTWARE\JavaSoft\Java Development Kit\1.6
Ignore:		SOFTWARE\JavaSoft\Java Development Kit\1.6.0_26
Ignore:		SOFTWARE\JavaSoft\Java Development Kit\1.7
Ignore:		SOFTWARE\JavaSoft\Java Development Kit\1.7.0_01
Using 64-bit runtime.
Check launcher:	C:\Program Files\Java\jre7\bin\javaw.exe (OK)
Launcher:	C:\Program Files\Java\jre7\bin\javaw.exe
Launcher args:	-jar "C:\Users\C. Levallois\Documents\NetBeansProjects\Overlyde\exe\overlyde.exe"
Args length:	81/32768 chars
Exit code:	0


CmdLine:	C:\Users\C. Levallois\Documents\NetBeansProjects\Overlyde\exe\overlyde.exe --l4j-debug
WOW64:		yes
Check launcher:	 (n/a)
64-bit search:	SOFTWARE\JavaSoft\Java Runtime Environment...
Match:		SOFTWARE\JavaSoft\Java Runtime Environment\1.6
Match:		SOFTWARE\JavaSoft\Java Runtime Environment\1.6.0_26
Match:		SOFTWARE\JavaSoft\Java Runtime Environment\1.7
Match:		SOFTWARE\JavaSoft\Java Runtime Environment\1.7.0_01
Using 64-bit runtime.
64-bit search:	SOFTWARE\JavaSoft\Java Development Kit...
Ignore:		SOFTWARE\JavaSoft\Java Development Kit\1.6
Ignore:		SOFTWARE\JavaSoft\Java Development Kit\1.6.0_26
Ignore:		SOFTWARE\JavaSoft\Java Development Kit\1.7
Ignore:		SOFTWARE\JavaSoft\Java Development Kit\1.7.0_01
Using 64-bit runtime.
Check launcher:	C:\Program Files\Java\jre7\bin\javaw.exe (OK)
Launcher:	C:\Program Files\Java\jre7\bin\javaw.exe
Launcher args:	-jar "C:\Users\C. Levallois\Documents\NetBeansProjects\Overlyde\exe\overlyde.exe"
Args length:	81/32768 chars
Exit code:	0


CmdLine:	C:\Users\C. Levallois\Documents\NetBeansProjects\Overlyde\exe\overlyde.exe --l4j-debug
WOW64:		yes
Check launcher:	 (n/a)
64-bit search:	SOFTWARE\JavaSoft\Java Runtime Environment...
Match:		SOFTWARE\JavaSoft\Java Runtime Environment\1.6
Match:		SOFTWARE\JavaSoft\Java Runtime Environment\1.6.0_26
Match:		SOFTWARE\JavaSoft\Java Runtime Environment\1.7
Match:		SOFTWARE\JavaSoft\Java Runtime Environment\1.7.0_01
Using 64-bit runtime.
64-bit search:	SOFTWARE\JavaSoft\Java Development Kit...
Ignore:		SOFTWARE\JavaSoft\Java Development Kit\1.6
Ignore:		SOFTWARE\JavaSoft\Java Development Kit\1.6.0_26
Ignore:		SOFTWARE\JavaSoft\Java Development Kit\1.7
Ignore:		SOFTWARE\JavaSoft\Java Development Kit\1.7.0_01
Using 64-bit runtime.
Check launcher:	C:\Program Files\Java\jre7\bin\javaw.exe (OK)
Launcher:	C:\Program Files\Java\jre7\bin\javaw.exe
Launcher args:	-jar "C:\Users\C. Levallois\Documents\NetBeansProjects\Overlyde\exe\overlyde.exe"
Args length:	81/32768 chars
Exit code:	0


CmdLine:	C:\Users\C. Levallois\Documents\NetBeansProjects\Overlyde\exe\overlyde.exe --l4j-debug
WOW64:		yes
Check launcher:	 (n/a)
64-bit search:	SOFTWARE\JavaSoft\Java Runtime Environment...
Match:		SOFTWARE\JavaSoft\Java Runtime Environment\1.6
Match:		SOFTWARE\JavaSoft\Java Runtime Environment\1.6.0_26
Match:		SOFTWARE\JavaSoft\Java Runtime Environment\1.7
Match:		SOFTWARE\JavaSoft\Java Runtime Environment\1.7.0_01
Using 64-bit runtime.
64-bit search:	SOFTWARE\JavaSoft\Java Development Kit...
Ignore:		SOFTWARE\JavaSoft\Java Development Kit\1.6
Ignore:		SOFTWARE\JavaSoft\Java Development Kit\1.6.0_26
Ignore:		SOFTWARE\JavaSoft\Java Development Kit\1.7
Ignore:		SOFTWARE\JavaSoft\Java Development Kit\1.7.0_01
Using 64-bit runtime.
Check launcher:	C:\Program Files\Java\jre7\bin\javaw.exe (OK)
Launcher:	C:\Program Files\Java\jre7\bin\javaw.exe
Launcher args:	-jar "C:\Users\C. Levallois\Documents\NetBeansProjects\Overlyde\exe\overlyde.exe"
Args length:	81/32768 chars
Exit code:	0
